2017-09-06T12:54:21.318Z - debug: breaktimeout called
2017-09-06T12:54:21.325Z - debug: breaktimeout called
2017-09-06T12:54:21.343Z - debug: breaktimeout called
2017-09-06T12:54:21.345Z - debug: breaktimeout called
2017-09-06T12:54:21.345Z - debug: breaktimeout called
2017-09-06T12:54:21.349Z - debug: breaktimeout called
2017-09-06T12:54:21.350Z - debug: breaktimeout called
2017-09-06T12:57:24.448Z - debug: breaktimeout called
2017-09-06T12:57:24.457Z - debug: breaktimeout called
2017-09-06T12:57:24.476Z - debug: breaktimeout called
2017-09-06T12:57:24.478Z - debug: breaktimeout called
2017-09-06T12:57:24.480Z - debug: breaktimeout called
2017-09-06T12:57:24.487Z - debug: breaktimeout called
2017-09-06T12:57:24.489Z - debug: breaktimeout called
2017-09-06T12:57:24.490Z - debug: just before setTimroutContext
2017-09-06T12:58:54.133Z - debug: breaktimeout called
2017-09-06T12:58:54.148Z - debug: breaktimeout called
2017-09-06T12:58:54.167Z - debug: breaktimeout called
2017-09-06T12:58:54.168Z - debug: breaktimeout called
2017-09-06T12:58:54.169Z - debug: breaktimeout called
2017-09-06T12:58:54.172Z - debug: breaktimeout called
2017-09-06T12:58:54.174Z - debug: breaktimeout called
2017-09-06T12:58:54.174Z - debug: just before setTimeoutContext
2017-09-06T13:17:46.938Z - debug: breaktimeout called
2017-09-06T13:17:46.950Z - debug: breaktimeout called
2017-09-06T13:17:46.964Z - debug: breaktimeout called
2017-09-06T13:17:46.966Z - debug: breaktimeout called
2017-09-06T13:17:46.966Z - debug: breaktimeout called
2017-09-06T13:17:46.975Z - debug: breaktimeout called
2017-09-06T13:18:22.701Z - debug: breaktimeout called
2017-09-06T13:18:22.709Z - debug: breaktimeout called
2017-09-06T13:18:22.723Z - debug: breaktimeout called
2017-09-06T13:18:22.724Z - debug: breaktimeout called
2017-09-06T13:18:22.724Z - debug: breaktimeout called
2017-09-06T13:18:22.731Z - debug: breaktimeout called
2017-09-06T13:19:17.403Z - debug: breaktimeout called
2017-09-06T13:19:17.411Z - debug: breaktimeout called
2017-09-06T13:19:17.428Z - debug: breaktimeout called
2017-09-06T13:19:17.430Z - debug: breaktimeout called
2017-09-06T13:19:17.432Z - debug: breaktimeout called
2017-09-06T13:19:17.438Z - debug: breaktimeout called
2017-09-06T13:19:17.440Z - debug: breaktimeout called
2017-09-06T13:19:17.441Z - debug: just before setTimeoutContext
2017-09-06T13:22:51.910Z - debug: breaktimeout called
2017-09-06T13:22:51.919Z - debug: breaktimeout called
2017-09-06T13:22:51.941Z - debug: breaktimeout called
2017-09-06T13:22:51.942Z - debug: breaktimeout called
2017-09-06T13:22:51.943Z - debug: breaktimeout called
2017-09-06T13:22:51.948Z - debug: breaktimeout called
2017-09-06T13:22:51.949Z - debug: breaktimeout called
2017-09-06T13:22:51.950Z - debug: just before setTimeoutContext
2017-09-06T13:26:23.591Z - debug: breaktimeout called
2017-09-06T13:26:23.599Z - debug: breaktimeout called
2017-09-06T13:26:23.613Z - debug: breaktimeout called
2017-09-06T13:26:23.615Z - debug: breaktimeout called
2017-09-06T13:26:23.615Z - debug: breaktimeout called
2017-09-06T13:26:23.619Z - debug: breaktimeout called
2017-09-06T13:26:23.620Z - debug: breaktimeout called
2017-09-06T13:26:23.620Z - debug: just before setTimeoutContext
2017-09-06T13:27:37.023Z - debug: breaktimeout called
2017-09-06T13:27:37.032Z - debug: breaktimeout called
2017-09-06T13:27:37.047Z - debug: breaktimeout called
2017-09-06T13:27:37.048Z - debug: breaktimeout called
2017-09-06T13:27:37.049Z - debug: breaktimeout called
2017-09-06T13:27:37.053Z - debug: breaktimeout called
2017-09-06T13:27:37.055Z - debug: breaktimeout called
2017-09-06T13:27:37.055Z - debug: just before setTimeoutContext
2017-09-06T13:30:17.798Z - debug: breaktimeout called
2017-09-06T13:30:17.814Z - debug: breaktimeout called
2017-09-06T13:30:17.834Z - debug: breaktimeout called
2017-09-06T13:30:17.835Z - debug: breaktimeout called
2017-09-06T13:30:17.836Z - debug: breaktimeout called
2017-09-06T13:30:17.840Z - debug: breaktimeout called
2017-09-06T13:30:17.841Z - debug: breaktimeout called
2017-09-06T13:30:17.841Z - debug: just before setTimeoutContext
2017-09-06T13:35:21.442Z - debug: breaktimeout called
2017-09-06T13:35:21.449Z - debug: breaktimeout called
2017-09-06T13:35:21.462Z - debug: breaktimeout called
2017-09-06T13:35:21.464Z - debug: breaktimeout called
2017-09-06T13:35:21.464Z - debug: breaktimeout called
2017-09-06T13:35:21.469Z - debug: breaktimeout called
2017-09-06T13:35:21.471Z - debug: breaktimeout called
2017-09-06T13:35:21.472Z - debug: just before setTimeoutContext
2017-09-06T13:35:34.746Z - debug: breaktimeout called
2017-09-06T13:35:34.754Z - debug: breaktimeout called
2017-09-06T13:35:34.780Z - debug: breaktimeout called
2017-09-06T13:35:34.782Z - debug: breaktimeout called
2017-09-06T13:35:34.782Z - debug: breaktimeout called
2017-09-06T13:35:34.787Z - debug: breaktimeout called
2017-09-06T13:35:34.789Z - debug: breaktimeout called
2017-09-06T13:35:34.789Z - debug: just before setTimeoutContext
2017-09-06T13:37:54.519Z - debug: breaktimeout called
2017-09-06T13:37:54.527Z - debug: breaktimeout called
2017-09-06T13:37:54.543Z - debug: breaktimeout called
2017-09-06T13:37:54.545Z - debug: breaktimeout called
2017-09-06T13:37:54.545Z - debug: breaktimeout called
2017-09-06T13:37:54.552Z - debug: breaktimeout called
2017-09-06T13:37:54.553Z - debug: breaktimeout called
2017-09-06T13:37:54.554Z - debug: just before setTimeoutContext
2017-09-06T13:37:54.554Z - debug: setting timeout context
2017-09-06T13:39:00.096Z - debug: breaktimeout called
2017-09-06T13:39:00.105Z - debug: breaktimeout called
2017-09-06T13:39:00.120Z - debug: breaktimeout called
2017-09-06T13:39:00.121Z - debug: breaktimeout called
2017-09-06T13:39:00.122Z - debug: breaktimeout called
2017-09-06T13:39:00.126Z - debug: breaktimeout called
2017-09-06T13:39:00.128Z - debug: breaktimeout called
2017-09-06T13:39:00.128Z - debug: just before setTimeoutContext
2017-09-06T13:39:00.129Z - debug: setting timeout context
2017-09-06T13:39:39.408Z - debug: breaktimeout called
2017-09-06T13:39:39.415Z - debug: breaktimeout called
2017-09-06T13:39:39.429Z - debug: breaktimeout called
2017-09-06T13:39:39.430Z - debug: breaktimeout called
2017-09-06T13:39:39.430Z - debug: breaktimeout called
2017-09-06T13:39:39.433Z - debug: breaktimeout called
2017-09-06T13:39:39.434Z - debug: breaktimeout called
2017-09-06T13:39:39.434Z - debug: just before setTimeoutContext
2017-09-06T13:39:39.434Z - debug: setting timeout context
2017-09-06T13:39:39.437Z - debug: timeout callback ready to be called
2017-09-06T13:42:21.525Z - debug: breaktimeout called
2017-09-06T13:42:21.534Z - debug: breaktimeout called
2017-09-06T13:42:21.548Z - debug: breaktimeout called
2017-09-06T13:42:21.549Z - debug: breaktimeout called
2017-09-06T13:42:21.549Z - debug: breaktimeout called
2017-09-06T13:42:21.553Z - debug: breaktimeout called
2017-09-06T13:42:21.554Z - debug: breaktimeout called
2017-09-06T13:42:21.555Z - debug: just before setTimeoutContext
2017-09-06T13:42:21.555Z - debug: setting timeout context
2017-09-06T13:42:21.560Z - debug: timeout callback ready to be called
2017-09-06T13:47:15.102Z - debug: breaktimeout called
2017-09-06T13:47:15.109Z - debug: breaktimeout called
2017-09-06T13:47:15.123Z - debug: breaktimeout called
2017-09-06T13:47:15.125Z - debug: breaktimeout called
2017-09-06T13:47:15.125Z - debug: breaktimeout called
2017-09-06T13:47:15.129Z - debug: breaktimeout called
2017-09-06T13:47:15.130Z - debug: breaktimeout called
2017-09-06T13:47:15.131Z - debug: just before setTimeoutContext
2017-09-06T13:47:15.131Z - debug: setting timeout context
2017-09-06T13:47:15.135Z - debug: timeout callback ready to be called
2017-09-06T13:47:20.379Z - debug: breaktimeout called
2017-09-06T13:47:20.387Z - debug: breaktimeout called
2017-09-06T13:47:20.401Z - debug: breaktimeout called
2017-09-06T13:47:20.402Z - debug: breaktimeout called
2017-09-06T13:47:20.402Z - debug: breaktimeout called
2017-09-06T13:47:20.406Z - debug: breaktimeout called
2017-09-06T13:47:20.407Z - debug: breaktimeout called
2017-09-06T13:47:20.408Z - debug: just before setTimeoutContext
2017-09-06T13:47:20.408Z - debug: setting timeout context
2017-09-06T13:47:20.412Z - debug: timeout callback ready to be called
2017-09-06T13:52:38.824Z - debug: breaktimeout called
2017-09-06T13:52:38.832Z - debug: breaktimeout called
2017-09-06T13:52:38.846Z - debug: breaktimeout called
2017-09-06T13:52:38.848Z - debug: breaktimeout called
2017-09-06T13:52:38.848Z - debug: breaktimeout called
2017-09-06T13:52:38.852Z - debug: breaktimeout called
2017-09-06T13:52:38.853Z - debug: breaktimeout called
2017-09-06T13:52:38.854Z - debug: just before setTimeoutContext
2017-09-06T13:52:38.855Z - debug: setting timeout context
2017-09-06T13:52:38.858Z - debug: timeout callback ready to be called
2017-09-06T14:00:55.223Z - debug: breaktimeout called
2017-09-06T14:00:55.230Z - debug: breaktimeout called
2017-09-06T14:00:55.244Z - debug: breaktimeout called
2017-09-06T14:00:55.245Z - debug: breaktimeout called
2017-09-06T14:00:55.246Z - debug: breaktimeout called
2017-09-06T14:00:55.249Z - debug: breaktimeout called
2017-09-06T14:00:55.250Z - debug: breaktimeout called
2017-09-06T14:00:55.250Z - debug: just before setTimeoutContext
2017-09-06T14:00:55.251Z - debug: setting timeout context
2017-09-06T14:00:55.254Z - debug: timeout callback ready to be called
2017-09-06T14:00:55.257Z - debug: breaktimeout called
2017-09-06T14:00:55.258Z - debug: cleartimeout called
2017-09-06T14:00:55.259Z - debug: breaktimeout called
2017-09-06T14:00:55.259Z - debug: just before setTimeoutContext
2017-09-06T14:00:55.259Z - debug: setting timeout context
2017-09-06T14:01:11.168Z - debug: breaktimeout called
2017-09-06T14:01:11.177Z - debug: breaktimeout called
2017-09-06T14:01:11.191Z - debug: breaktimeout called
2017-09-06T14:01:11.192Z - debug: breaktimeout called
2017-09-06T14:01:11.192Z - debug: breaktimeout called
2017-09-06T14:01:11.196Z - debug: breaktimeout called
2017-09-06T14:01:11.198Z - debug: breaktimeout called
2017-09-06T14:01:11.198Z - debug: just before setTimeoutContext
2017-09-06T14:01:11.198Z - debug: setting timeout context
2017-09-06T14:01:11.201Z - debug: timeout callback ready to be called
2017-09-06T14:01:11.205Z - debug: breaktimeout called
2017-09-06T14:01:11.206Z - debug: cleartimeout called
2017-09-06T14:01:11.208Z - debug: breaktimeout called
2017-09-06T14:01:11.209Z - debug: just before setTimeoutContext
2017-09-06T14:01:11.209Z - debug: setting timeout context
2017-09-06T14:01:11.211Z - debug: timeout callback ready to be called
2017-09-06T14:03:37.838Z - debug: breaktimeout called
2017-09-06T14:03:37.847Z - debug: breaktimeout called
2017-09-06T14:03:37.863Z - debug: breaktimeout called
2017-09-06T14:03:37.865Z - debug: breaktimeout called
2017-09-06T14:03:37.866Z - debug: breaktimeout called
2017-09-06T14:03:37.872Z - debug: breaktimeout called
2017-09-06T14:03:37.875Z - debug: breaktimeout called
2017-09-06T14:03:37.876Z - debug: just before setTimeoutContext
2017-09-06T14:03:37.877Z - debug: setting timeout context
2017-09-06T14:03:37.881Z - debug: timeout callback ready to be called
2017-09-06T14:03:37.886Z - debug: breaktimeout called
2017-09-06T14:03:37.887Z - debug: cleartimeout called
2017-09-06T14:03:37.889Z - debug: breaktimeout called
2017-09-06T14:03:37.889Z - debug: just before setTimeoutContext
2017-09-06T14:03:37.890Z - debug: setting timeout context
2017-09-06T14:03:37.891Z - debug: timeout callback ready to be called
2017-09-06T14:05:54.768Z - debug: breaktimeout called
2017-09-06T14:05:54.776Z - debug: breaktimeout called
2017-09-06T14:05:54.795Z - debug: breaktimeout called
2017-09-06T14:05:54.797Z - debug: breaktimeout called
2017-09-06T14:05:54.797Z - debug: breaktimeout called
2017-09-06T14:05:54.802Z - debug: breaktimeout called
2017-09-06T14:05:54.804Z - debug: breaktimeout called
2017-09-06T14:05:54.804Z - debug: just before setTimeoutContext
2017-09-06T14:05:54.805Z - debug: setting timeout context
2017-09-06T14:05:54.809Z - debug: timeout callback ready to be called
2017-09-06T14:05:54.814Z - debug: breaktimeout called
2017-09-06T14:05:54.815Z - debug: cleartimeout called
2017-09-06T14:05:54.817Z - debug: breaktimeout called
2017-09-06T14:05:54.817Z - debug: just before setTimeoutContext
2017-09-06T14:05:54.818Z - debug: setting timeout context
2017-09-06T14:05:54.819Z - debug: timeout callback ready to be called
2017-09-06T14:10:08.223Z - debug: breaktimeout called
2017-09-06T14:10:08.231Z - debug: breaktimeout called
2017-09-06T14:10:08.244Z - debug: breaktimeout called
2017-09-06T14:10:08.245Z - debug: breaktimeout called
2017-09-06T14:10:08.245Z - debug: breaktimeout called
2017-09-06T14:10:08.249Z - debug: breaktimeout called
2017-09-06T14:10:08.250Z - debug: breaktimeout called
2017-09-06T14:10:08.250Z - debug: just before setTimeoutContext
2017-09-06T14:10:08.251Z - debug: setting timeout context
2017-09-06T14:10:08.254Z - debug: timeout callback ready to be called
2017-09-06T14:10:08.256Z - debug: breaktimeout called
2017-09-06T14:10:08.257Z - debug: cleartimeout called
2017-09-06T14:10:08.258Z - debug: breaktimeout called
2017-09-06T14:10:08.258Z - debug: just before setTimeoutContext
2017-09-06T14:10:08.259Z - debug: setting timeout context
2017-09-06T14:10:08.260Z - debug: timeout callback ready to be called
2017-09-06T14:11:31.930Z - debug: breaktimeout called
2017-09-06T14:11:31.939Z - debug: breaktimeout called
2017-09-06T14:11:31.954Z - debug: breaktimeout called
2017-09-06T14:11:31.956Z - debug: breaktimeout called
2017-09-06T14:11:31.956Z - debug: breaktimeout called
2017-09-06T14:11:31.961Z - debug: breaktimeout called
2017-09-06T14:11:31.962Z - debug: breaktimeout called
2017-09-06T14:11:31.963Z - debug: just before setTimeoutContext
2017-09-06T14:11:31.964Z - debug: setting timeout context
2017-09-06T14:11:31.968Z - debug: timeout callback ready to be called
2017-09-06T14:11:31.972Z - debug: breaktimeout called
2017-09-06T14:11:31.973Z - debug: cleartimeout called
2017-09-06T14:11:31.974Z - debug: breaktimeout called
2017-09-06T14:11:31.975Z - debug: just before setTimeoutContext
2017-09-06T14:11:31.975Z - debug: setting timeout context
2017-09-06T14:11:31.976Z - debug: timeout callback ready to be called
2017-09-06T14:11:50.922Z - debug: breaktimeout called
2017-09-06T14:11:50.930Z - debug: breaktimeout called
2017-09-06T14:11:50.945Z - debug: breaktimeout called
2017-09-06T14:11:50.946Z - debug: breaktimeout called
2017-09-06T14:11:50.946Z - debug: breaktimeout called
2017-09-06T14:11:50.950Z - debug: breaktimeout called
2017-09-06T14:11:50.952Z - debug: breaktimeout called
2017-09-06T14:11:50.953Z - debug: just before setTimeoutContext
2017-09-06T14:11:50.954Z - debug: setting timeout context
2017-09-06T14:11:50.958Z - debug: timeout callback ready to be called
2017-09-06T14:11:50.963Z - debug: breaktimeout called
2017-09-06T14:11:50.965Z - debug: cleartimeout called
2017-09-06T14:11:50.967Z - debug: breaktimeout called
2017-09-06T14:11:50.968Z - debug: just before setTimeoutContext
2017-09-06T14:11:50.969Z - debug: setting timeout context
2017-09-06T14:11:50.971Z - debug: timeout callback ready to be called
2017-09-06T14:13:15.780Z - debug: breaktimeout called
2017-09-06T14:13:15.789Z - debug: breaktimeout called
2017-09-06T14:13:15.804Z - debug: breaktimeout called
2017-09-06T14:13:15.806Z - debug: breaktimeout called
2017-09-06T14:13:15.806Z - debug: breaktimeout called
2017-09-06T14:13:15.810Z - debug: breaktimeout called
2017-09-06T14:13:15.812Z - debug: breaktimeout called
2017-09-06T14:13:15.812Z - debug: just before setTimeoutContext
2017-09-06T14:13:15.813Z - debug: setting timeout context with name : aContext
2017-09-06T14:13:15.817Z - debug: timeout callback ready to be called
2017-09-06T14:13:15.821Z - debug: breaktimeout called
2017-09-06T14:13:15.822Z - debug: cleartimeout called
2017-09-06T14:13:15.823Z - debug: breaktimeout called
2017-09-06T14:13:15.823Z - debug: just before setTimeoutContext
2017-09-06T14:13:15.824Z - debug: setting timeout context with name : aContext
2017-09-06T14:13:15.825Z - debug: timeout callback ready to be called
2017-09-06T14:13:50.288Z - debug: just before setTimeoutContext
2017-09-06T14:13:50.291Z - debug: setting timeout context with name : aContext
2017-09-06T14:13:50.295Z - debug: timeout callback ready to be called
2017-09-06T14:13:50.309Z - debug: cleartimeout called
2017-09-06T14:13:50.311Z - debug: just before setTimeoutContext
2017-09-06T14:13:50.313Z - debug: setting timeout context with name : aContext
2017-09-06T14:13:50.315Z - debug: timeout callback ready to be called
2017-09-06T14:42:22.834Z - debug: changing context NONE for context NONE
2017-09-06T14:42:22.843Z - debug: changing context NONE for context aContext
2017-09-06T14:42:22.857Z - debug: changing context aContext for context NONE
2017-09-06T14:42:22.859Z - debug: changing context NONE for context aContext
2017-09-06T14:42:22.859Z - debug: changing context aContext for context NONE
2017-09-06T14:42:22.868Z - debug: changing context NONE for context NONE
2017-09-06T14:42:22.870Z - debug: changing context NONE for context aContext
2017-09-06T14:42:22.870Z - debug: just before setTimeoutContext
2017-09-06T14:42:22.871Z - debug: setting timeout context with name : aContext
2017-09-06T14:42:22.875Z - debug: timeout callback ready to be called
2017-09-06T14:42:22.879Z - debug: changing context NONE for context NONE
2017-09-06T14:42:22.880Z - debug: cleartimeout called
2017-09-06T14:42:22.882Z - debug: changing context NONE for context aContext
2017-09-06T14:42:22.882Z - debug: just before setTimeoutContext
2017-09-06T14:42:22.882Z - debug: setting timeout context with name : aContext
2017-09-06T14:42:22.883Z - debug: timeout callback ready to be called
2017-09-06T14:42:46.727Z - debug: changing context NONE for context NONE
2017-09-06T14:42:46.742Z - debug: changing context NONE for context aContext
2017-09-06T14:42:46.743Z - debug: just before setTimeoutContext
2017-09-06T14:42:46.745Z - debug: setting timeout context with name : aContext
2017-09-06T14:42:46.752Z - debug: timeout callback ready to be called
2017-09-06T14:43:42.748Z - debug: changing context NONE for context NONE
2017-09-06T14:43:42.756Z - debug: changing context NONE for context aContext
2017-09-06T14:43:42.757Z - debug: just before setTimeoutContext
2017-09-06T14:43:42.757Z - debug: setting timeout context with name : aContext
2017-09-06T14:43:42.761Z - debug: timeout callback ready to be called
2017-09-06T14:45:22.943Z - debug: changing context NONE for context NONE
2017-09-06T14:45:22.952Z - debug: changing context NONE for context aContext
2017-09-06T14:45:22.952Z - debug: just before setTimeoutContext
2017-09-06T14:45:22.953Z - debug: setting timeout context with name : aContext
2017-09-06T14:45:22.957Z - debug: timeout callback ready to be called
2017-09-06T14:45:22.957Z - debug: current:aContext === new:aContext
2017-09-06T14:46:07.616Z - debug: changing context NONE for context NONE
2017-09-06T14:46:07.625Z - debug: changing context NONE for context aContext
2017-09-06T14:46:07.625Z - debug: just before setTimeoutContext
2017-09-06T14:46:07.626Z - debug: setting timeout context with name : aContext
2017-09-06T14:46:07.630Z - debug: timeout callback ready to be called
2017-09-06T14:46:07.630Z - debug: current:aContext === new:aContext
2017-09-06T14:46:07.630Z - debug: timeoutCallback
2017-09-06T14:46:42.412Z - debug: changing context NONE for context NONE
2017-09-06T14:46:42.428Z - debug: changing context NONE for context aContext
2017-09-06T14:46:42.428Z - debug: just before setTimeoutContext
2017-09-06T14:46:42.429Z - debug: setting timeout context with name : aContext
2017-09-06T14:46:42.434Z - debug: timeout callback ready to be called
2017-09-06T14:46:42.434Z - debug: current:aContext === new:aContext
2017-09-06T14:46:42.434Z - debug: timeoutCallback :  function () { return fn.apply(this, arguments); }
2017-09-06T14:51:46.182Z - debug: changing context NONE for context NONE
2017-09-06T14:51:46.193Z - debug: changing context NONE for context aContext
2017-09-06T14:51:46.193Z - debug: just before setTimeoutContext
2017-09-06T14:51:46.194Z - debug: setting timeout context with name : aContext
2017-09-06T14:51:46.200Z - debug: timeout callback ready to be called
2017-09-06T14:51:46.200Z - debug: current:aContext === new:aContext
2017-09-06T14:51:46.201Z - debug: timeoutCallback :  function () { return fn.apply(this, arguments); }
2017-09-06T14:59:48.430Z - debug: changing context NONE for context NONE
2017-09-06T14:59:48.440Z - debug: changing context NONE for context aContext
2017-09-06T14:59:48.440Z - debug: just before setTimeoutContext
2017-09-06T14:59:48.441Z - debug: setting timeout context with name : aContext
2017-09-06T14:59:48.448Z - debug: timeout callback ready to be called
2017-09-06T14:59:48.448Z - debug: current:aContext === new:aContext
2017-09-06T14:59:48.458Z - debug: timeoutCallback :  { [Function]
  and: 
   SpyStrategy {
     identity: [Function],
     exec: [Function],
     callThrough: [Function],
     returnValue: [Function],
     returnValues: [Function],
     throwError: [Function],
     callFake: [Function],
     stub: [Function] },
  calls: 
   CallTracker {
     track: [Function],
     any: [Function],
     count: [Function],
     argsFor: [Function],
     all: [Function],
     allArgs: [Function],
     first: [Function],
     mostRecent: [Function],
     reset: [Function],
     saveArgumentsByValue: [Function] } }
2017-09-06T15:01:20.538Z - debug: changing context NONE for context NONE
2017-09-06T15:02:03.908Z - debug: changing context NONE for context NONE
2017-09-06T15:03:12.063Z - debug: changing context NONE for context NONE
2017-09-06T15:06:15.448Z - debug: advanceCallback awesomeContext
2017-09-06T15:06:15.451Z - debug: changing context NONE for context awesomeContext
2017-09-06T15:11:02.746Z - debug: advanceCallback awesomeContext
2017-09-06T15:11:02.750Z - debug: changing context NONE for context awesomeContext
2017-09-06T15:11:33.674Z - debug: changing context NONE for context aContext
2017-09-06T15:11:33.677Z - debug: just before setTimeoutContext
2017-09-06T15:11:33.678Z - debug: setting timeout context with name : aContext
2017-09-06T15:11:33.680Z - debug: timeout callback ready to be called
2017-09-06T15:11:33.680Z - debug: current:aContext === new:aContext
2017-09-06T15:11:33.683Z - debug: timeoutCallback :  [Function: advancedCallback]
2017-09-06T15:11:33.683Z - debug: advanceCallback awesomeContext
2017-09-06T15:11:33.683Z - debug: changing context NONE for context awesomeContext
2017-09-06T15:11:33.684Z - debug: cleartimeout called
2017-09-06T15:12:16.715Z - debug: changing context NONE for context aContext
2017-09-06T15:12:16.720Z - debug: just before setTimeoutContext
2017-09-06T15:12:16.721Z - debug: setting timeout context with name : aContext
2017-09-06T15:12:16.727Z - debug: timeout callback ready to be called
2017-09-06T15:12:16.728Z - debug: current:aContext === new:aContext
2017-09-06T15:12:16.731Z - debug: timeoutCallback :  [Function: advancedCallback]
2017-09-06T15:12:16.733Z - debug: advanceCallback awesomeContext
2017-09-06T15:12:16.734Z - debug: changing context NONE for context awesomeContext
2017-09-06T15:12:16.736Z - debug: cleartimeout called
2017-09-06T15:12:43.948Z - debug: changing context NONE for context NONE
2017-09-06T15:12:43.959Z - debug: changing context NONE for context aContext
2017-09-06T15:12:43.979Z - debug: changing context aContext for context NONE
2017-09-06T15:12:43.981Z - debug: changing context NONE for context aContext
2017-09-06T15:12:43.981Z - debug: changing context aContext for context NONE
2017-09-06T15:12:43.985Z - debug: changing context NONE for context NONE
2017-09-06T15:12:43.987Z - debug: changing context NONE for context aContext
2017-09-06T15:12:43.988Z - debug: just before setTimeoutContext
2017-09-06T15:12:43.989Z - debug: setting timeout context with name : aContext
2017-09-06T15:12:43.992Z - debug: timeout callback ready to be called
2017-09-06T15:12:43.993Z - debug: current:aContext === new:aContext
2017-09-06T15:12:44.001Z - debug: timeoutCallback :  { [Function]
  and: 
   SpyStrategy {
     identity: [Function],
     exec: [Function],
     callThrough: [Function],
     returnValue: [Function],
     returnValues: [Function],
     throwError: [Function],
     callFake: [Function],
     stub: [Function] },
  calls: 
   CallTracker {
     track: [Function],
     any: [Function],
     count: [Function],
     argsFor: [Function],
     all: [Function],
     allArgs: [Function],
     first: [Function],
     mostRecent: [Function],
     reset: [Function],
     saveArgumentsByValue: [Function] } }
2017-09-06T15:12:44.008Z - debug: changing context NONE for context NONE
2017-09-06T15:12:44.012Z - debug: cleartimeout called
2017-09-06T15:12:44.016Z - debug: changing context NONE for context aContext
2017-09-06T15:12:44.018Z - debug: just before setTimeoutContext
2017-09-06T15:12:44.019Z - debug: setting timeout context with name : aContext
2017-09-06T15:12:44.020Z - debug: timeout callback ready to be called
2017-09-06T15:12:44.021Z - debug: current:aContext === new:aContext
2017-09-06T15:12:44.022Z - debug: timeoutCallback :  [Function: advancedCallback]
2017-09-06T15:12:44.023Z - debug: changing context NONE for context awesomeContext
2017-09-06T15:12:44.024Z - debug: cleartimeout called
2017-09-06T15:18:09.153Z - debug: changing context NONE for context NONE
2017-09-06T15:18:09.161Z - debug: changing context NONE for context aContext
2017-09-06T15:18:09.176Z - debug: changing context aContext for context NONE
2017-09-06T15:18:09.177Z - debug: changing context NONE for context aContext
2017-09-06T15:18:09.177Z - debug: changing context aContext for context NONE
2017-09-06T15:18:09.181Z - debug: changing context NONE for context NONE
2017-09-06T15:18:09.183Z - debug: changing context NONE for context aContext
2017-09-06T15:18:09.184Z - debug: just before setTimeoutContext
2017-09-06T15:18:09.185Z - debug: setting timeout context with name : aContext
2017-09-06T15:18:09.190Z - debug: timeout callback ready to be called
2017-09-06T15:18:09.190Z - debug: current:aContext === new:aContext
2017-09-06T15:18:09.201Z - debug: timeoutCallback :  { [Function]
  and: 
   SpyStrategy {
     identity: [Function],
     exec: [Function],
     callThrough: [Function],
     returnValue: [Function],
     returnValues: [Function],
     throwError: [Function],
     callFake: [Function],
     stub: [Function] },
  calls: 
   CallTracker {
     track: [Function],
     any: [Function],
     count: [Function],
     argsFor: [Function],
     all: [Function],
     allArgs: [Function],
     first: [Function],
     mostRecent: [Function],
     reset: [Function],
     saveArgumentsByValue: [Function] } }
2017-09-06T15:18:09.206Z - debug: changing context NONE for context NONE
2017-09-06T15:18:09.207Z - debug: cleartimeout called
2017-09-06T15:18:09.208Z - debug: changing context NONE for context aContext
2017-09-06T15:18:09.209Z - debug: just before setTimeoutContext
2017-09-06T15:18:09.209Z - debug: setting timeout context with name : aContext
2017-09-06T15:18:09.210Z - debug: timeout callback ready to be called
2017-09-06T15:18:09.210Z - debug: current:aContext === new:aContext
2017-09-06T15:18:09.211Z - debug: timeoutCallback :  [Function: advancedCallback]
2017-09-06T15:18:09.211Z - debug: changing context NONE for context awesomeContext
2017-09-06T15:18:09.212Z - debug: cleartimeout called
2017-09-06T15:18:09.216Z - debug: changing context awesomeContext for context NONE
2017-09-06T15:18:09.217Z - debug: changing context NONE for context aContext
2017-09-06T15:18:09.218Z - debug: just before setTimeoutContext
2017-09-06T15:18:09.219Z - debug: setting timeout context with name : aContext
2017-09-06T15:18:09.219Z - debug: changing context aContext for context awesomeContext
2017-09-06T15:18:09.220Z - debug: cleartimeout called
2017-09-06T15:18:09.221Z - debug: just before setTimeoutContext
2017-09-06T15:18:09.221Z - debug: setting timeout context with name : awesomeContext
2017-09-06T15:19:59.671Z - debug: changing context NONE for context NONE
2017-09-06T15:19:59.679Z - debug: changing context NONE for context aContext
2017-09-06T15:19:59.694Z - debug: changing context aContext for context NONE
2017-09-06T15:19:59.695Z - debug: changing context NONE for context aContext
2017-09-06T15:19:59.696Z - debug: changing context aContext for context NONE
2017-09-06T15:19:59.700Z - debug: changing context NONE for context NONE
2017-09-06T15:19:59.702Z - debug: changing context NONE for context aContext
2017-09-06T15:19:59.702Z - debug: just before setTimeoutContext
2017-09-06T15:19:59.703Z - debug: setting timeout context with name : aContext
2017-09-06T15:19:59.707Z - debug: timeout callback ready to be called
2017-09-06T15:19:59.708Z - debug: current:aContext === new:aContext
2017-09-06T15:19:59.719Z - debug: timeoutCallback :  { [Function]
  and: 
   SpyStrategy {
     identity: [Function],
     exec: [Function],
     callThrough: [Function],
     returnValue: [Function],
     returnValues: [Function],
     throwError: [Function],
     callFake: [Function],
     stub: [Function] },
  calls: 
   CallTracker {
     track: [Function],
     any: [Function],
     count: [Function],
     argsFor: [Function],
     all: [Function],
     allArgs: [Function],
     first: [Function],
     mostRecent: [Function],
     reset: [Function],
     saveArgumentsByValue: [Function] } }
2017-09-06T15:19:59.722Z - debug: changing context NONE for context NONE
2017-09-06T15:19:59.723Z - debug: cleartimeout called
2017-09-06T15:19:59.725Z - debug: changing context NONE for context aContext
2017-09-06T15:19:59.725Z - debug: just before setTimeoutContext
2017-09-06T15:19:59.725Z - debug: setting timeout context with name : aContext
2017-09-06T15:19:59.726Z - debug: timeout callback ready to be called
2017-09-06T15:19:59.726Z - debug: current:aContext === new:aContext
2017-09-06T15:19:59.727Z - debug: timeoutCallback :  [Function: advancedCallback]
2017-09-06T15:19:59.727Z - debug: changing context NONE for context awesomeContext
2017-09-06T15:19:59.728Z - debug: cleartimeout called
2017-09-06T15:19:59.732Z - debug: changing context awesomeContext for context NONE
2017-09-06T15:19:59.734Z - debug: changing context NONE for context aContext
2017-09-06T15:19:59.735Z - debug: just before setTimeoutContext
2017-09-06T15:19:59.735Z - debug: setting timeout context with name : aContext
2017-09-06T15:19:59.735Z - debug: changing context aContext for context awesomeContext
2017-09-06T15:19:59.736Z - debug: cleartimeout called
2017-09-06T15:19:59.737Z - debug: just before setTimeoutContext
2017-09-06T15:19:59.738Z - debug: setting timeout context with name : awesomeContext
2017-09-06T15:19:59.740Z - debug: changing context awesomeContext for context NONE
2017-09-06T15:19:59.740Z - debug: cleartimeout called
2017-09-06T15:19:59.741Z - debug: changing context NONE for context aContext
2017-09-06T15:19:59.742Z - debug: just before setTimeoutContext
2017-09-06T15:19:59.742Z - debug: setting timeout context with name : aContext
2017-09-06T15:19:59.742Z - debug: changing context aContext for context awesomeContext
2017-09-06T15:19:59.743Z - debug: cleartimeout called
2017-09-06T15:19:59.743Z - debug: just before setTimeoutContext
2017-09-06T15:19:59.743Z - debug: setting timeout context with name : awesomeContext
